<?xml version="1.0" encoding="UTF-8"?>
<!-- Generated by org.testng.reporters.JUnitXMLReporter -->
<testsuite hostname="SHARMILA-PC" ignored="2" name="Test1" tests="2" failures="0" timestamp="28 Dec 2019 17:43:28 GMT" time="0.055" errors="0">
  <testcase name="sitansu" time="0.016" classname="Myntra_Package.TestNG_Grouping"/>
  <testcase name="sonali_sitansu" time="0.0" classname="Myntra_Package.TestNG_Grouping"/>
  <testcase name="sonali" time="0.0" classname="Myntra_Package.TestNG_Grouping">
    <ignored/>
  </testcase> <!-- sonali -->
  <testcase name="no" time="0.0" classname="Myntra_Package.TestNG_Grouping">
    <ignored/>
  </testcase> <!-- no -->
</testsuite> <!-- Test1 -->
